<?xml version="1.0" encoding="UTF-8"?>
<testng-results ignored="0" total="1" passed="1" failed="0" skipped="0">
  <reporter-output>
  </reporter-output>
  <suite started-at="2022-01-22T21:31:19 EST" name="Default suite" finished-at="2022-01-22T21:31:26 EST" duration-ms="6261">
    <groups>
    </groups>
    <test started-at="2022-01-22T21:31:19 EST" name="Default test" finished-at="2022-01-22T21:31:26 EST" duration-ms="6261">
      <class name="progress.qa.auto.AutoQutoe">
        <test-method is-config="true" signature="setup()[pri:0, instance:progress.qa.auto.AutoQutoe@611889f4]" started-at="2022-01-22T21:31:19 EST" name="setup" finished-at="2022-01-22T21:31:23 EST" duration-ms="3859" status="PASS">
          <reporter-output>
          </reporter-output>
        </test-method> <!-- setup -->
        <test-method is-config="true" signature="initElements()[pri:0, instance:progress.qa.auto.AutoQutoe@611889f4]" started-at="2022-01-22T21:31:23 EST" name="initElements" finished-at="2022-01-22T21:31:23 EST" duration-ms="12" status="PASS">
          <reporter-output>
          </reporter-output>
        </test-method> <!-- initElements -->
        <test-method signature="test()[pri:0, instance:progress.qa.auto.AutoQutoe@611889f4]" started-at="2022-01-22T21:31:23 EST" name="test" finished-at="2022-01-22T21:31:25 EST" duration-ms="2223" status="PASS">
          <reporter-output>
          </reporter-output>
        </test-method> <!-- test -->
        <test-method is-config="true" signature="close()[pri:0, instance:progress.qa.auto.AutoQutoe@611889f4]" started-at="2022-01-22T21:31:25 EST" name="close" finished-at="2022-01-22T21:31:26 EST" duration-ms="143" status="PASS">
          <reporter-output>
          </reporter-output>
        </test-method> <!-- close -->
      </class> <!-- progress.qa.auto.AutoQutoe -->
    </test> <!-- Default test -->
  </suite> <!-- Default suite -->
</testng-results>
